
> react-components-app@0.1.0 build-storybook
> storybook build --output-dir /var/folders/wy/5w_s46dn1nb1fswlr2cf389r0000gn/T/chromatic--29149-pC3B2JsMAjEU

@storybook/cli v7.6.17

info => Cleaning outputDir: /var/folders/wy/5w_s46dn1nb1fswlr2cf389r0000gn/T/chromatic--29149-pC3B2JsMAjEU
info => Loading presets
info => Building manager..
info => Manager built (89 ms)
info => Building preview..
info => Copying static files: /Users/jiaojian/projects/react-components-app/node_modules/@storybook/manager/static at /var/folders/wy/5w_s46dn1nb1fswlr2cf389r0000gn/T/chromatic--29149-pC3B2JsMAjEU/sb-common-assets
info Using SWC compiler
info Addon-docs: using MDX2
info => Loading Webpack configuration from `node_modules/react-scripts`
info => Removing existing JavaScript and TypeScript rules.
info => Modifying Create React App rules.
info => Using default Webpack5 setup
info => Copying static files: /Users/jiaojian/projects/react-components-app/public at /var/folders/wy/5w_s46dn1nb1fswlr2cf389r0000gn/T/chromatic--29149-pC3B2JsMAjEU/
WARN asset size limit: The following asset(s) exceed the recommended size limit (244 KiB).
WARN This can impact web performance.
WARN Assets: 
WARN   7a58d2cb9a6358f85e9b.png (456 KiB)
WARN   609.227b3ef8.iframe.bundle.js (655 KiB)
WARN   71.a0d83e09.iframe.bundle.js (581 KiB)
WARN   126.d21c70f1.iframe.bundle.js (719 KiB)
WARN   180.d32bf010.iframe.bundle.js (958 KiB)
WARN   456.3b4fd091.iframe.bundle.js (814 KiB)
WARN entrypoint size limit: The following entrypoint(s) combined asset size exceeds the recommended limit (244 KiB). This can impact web performance.
WARN Entrypoints:
WARN   main (985 KiB)
WARN       runtime~main.5364ba89.iframe.bundle.js
WARN       180.d32bf010.iframe.bundle.js
WARN       main.ca220236.iframe.bundle.js
WARN       static/css/main.d5f139cd.css
WARN 
info => Preview built (5.72 s)
info => Output directory: /var/folders/wy/5w_s46dn1nb1fswlr2cf389r0000gn/T/chromatic--29149-pC3B2JsMAjEU
